{"E:\\git\\playground\\vite-material-ui-do-link-collector\\material-ui\\src\\components\\LinkItem.tsx": {"path":"E:\\git\\playground\\vite-material-ui-do-link-collector\\material-ui\\src\\components\\LinkItem.tsx","statementMap":{"0":{"start":{"line":2,"column":0},"end":{"line":2,"column":83}},"1":{"start":{"line":3,"column":0},"end":{"line":3,"column":52}},"2":{"start":{"line":11,"column":36},"end":{"line":34,"column":1}},"3":{"start":{"line":12,"column":2},"end":{"line":33,"column":4}},"4":{"start":{"line":36,"column":0},"end":{"line":36,"column":24}}},"fnMap":{"0":{"name":"(anonymous_0)","decl":{"start":{"line":11,"column":36},"end":{"line":11,"column":37}},"loc":{"start":{"line":11,"column":75},"end":{"line":34,"column":1}}}},"branchMap":{"0":{"loc":{"start":{"line":11,"column":39},"end":{"line":11,"column":49}},"type":"default-arg","locations":[{"start":{"line":11,"column":47},"end":{"line":11,"column":49}}]},"1":{"loc":{"start":{"line":11,"column":51},"end":{"line":11,"column":59}},"type":"default-arg","locations":[{"start":{"line":11,"column":57},"end":{"line":11,"column":59}}]}},"s":{"0":1,"1":1,"2":1,"3":2,"4":1},"f":{"0":2},"b":{"0":[1],"1":[1]}}
}
